{
  "RSpec": {
    "coverage": {
      "/Users/math/pmq20_github/wendao/lib/wendao.rb": [
        null,
        1,
        1,
        1,
        null,
        1,
        1,
        1,
        null,
        null,
        null,
        1,
        0,
        null,
        null,
        null,
        1,
        0,
        0,
        null,
        null,
        1,
        0,
        null,
        null,
        null
      ],
      "/Users/math/pmq20_github/wendao/lib/wendao/configuration.rb": [
        1,
        1,
        null,
        1,
        1,
        1,
        null,
        null,
        null,
        null,
        null,
        null,
        null,
        null,
        null,
        1,
        1,
        1,
        1,
        null,
        1,
        null,
        1,
        1,
        null,
        null,
        1,
        0,
        null,
        null,
        1,
        108,
        null,
        null,
        1,
        1,
        1,
        1,
        1,
        1,
        1,
        1,
        1,
        null,
        null,
        null,
        null
      ],
      "/Users/math/pmq20_github/wendao/lib/wendao/client.rb": [
        1,
        1,
        1,
        null,
        1,
        1,
        null,
        1,
        1,
        1,
        null,
        1,
        12,
        12,
        96,
        null,
        null,
        null,
        1,
        1,
        1,
        null,
        1,
        1,
        null,
        null
      ],
      "/Users/math/pmq20_github/wendao/lib/wendao/authentication.rb": [
        1,
        1,
        1,
        16,
        3,
        null,
        13,
        null,
        null,
        null,
        1,
        14,
        null,
        null,
        1,
        14,
        null,
        null,
        null
      ],
      "/Users/math/pmq20_github/wendao/lib/wendao/connection.rb": [
        1,
        1,
        null,
        1,
        null,
        1,
        1,
        null,
        1,
        14,
        null,
        14,
        null,
        null,
        null,
        null,
        null,
        14,
        null,
        14,
        14,
        14,
        null,
        0,
        null,
        14,
        14,
        14,
        14,
        null,
        14,
        null,
        14,
        14,
        null,
        null,
        null
      ],
      "/Users/math/pmq20_github/wendao/lib/faraday/response/raise_wendao_error.rb": [
        1,
        1,
        null,
        1,
        1,
        1,
        14,
        null,
        1,
        null,
        1,
        null,
        1,
        null,
        1,
        null,
        1,
        null,
        1,
        null,
        1,
        null,
        1,
        null,
        1,
        null,
        1,
        null,
        null,
        null,
        1,
        10,
        0,
        0,
        null,
        0,
        null,
        10,
        null,
        10,
        null,
        null,
        null
      ],
      "/Users/math/pmq20_github/wendao/lib/wendao/request.rb": [
        1,
        null,
        1,
        1,
        1,
        0,
        null,
        null,
        1,
        12,
        null,
        null,
        1,
        0,
        null,
        null,
        1,
        0,
        null,
        null,
        1,
        0,
        null,
        null,
        1,
        null,
        1,
        14,
        14,
        null,
        14,
        null,
        0,
        0,
        0,
        null,
        0,
        null,
        null,
        null,
        null,
        4,
        0,
        4,
        2,
        null,
        2,
        null,
        null,
        null,
        1,
        3,
        8,
        8,
        null,
        null,
        3,
        null,
        null,
        null
      ],
      "/Users/math/pmq20_github/wendao/lib/wendao/client/asks.rb": [
        1,
        1,
        1,
        1,
        1,
        null,
        null,
        1,
        0,
        0,
        null,
        1,
        null,
        1,
        0,
        null,
        null,
        1,
        0,
        null,
        null,
        1,
        0,
        null,
        null,
        null,
        null,
        null
      ],
      "/Users/math/pmq20_github/wendao/lib/wendao/client/users.rb": [
        1,
        1,
        1,
        1,
        null,
        null,
        null,
        null,
        null,
        null,
        1,
        10,
        10,
        null,
        0,
        null,
        null,
        null,
        null,
        null
      ],
      "/Users/math/pmq20_github/wendao/lib/wendao/error.rb": [
        1,
        null,
        1,
        null,
        null,
        1,
        null,
        null,
        1,
        null,
        null,
        1,
        null,
        null,
        1,
        null,
        null,
        1,
        null,
        null,
        1,
        null,
        null,
        1,
        null,
        null,
        1,
        null,
        null,
        1,
        null,
        null,
        1,
        null
      ]
    },
    "timestamp": 1334500029
  }
}
